#
# A fatal error has been detected by the Java Runtime Environment:
#
#  EXCEPTION_ACCESS_VIOLATION (0xc0000005) at pc=0x0000000060a96b27, pid=6648, tid=1928
#
# JRE version: Java(TM) SE Runtime Environment (8.0_31-b13) (build 1.8.0_31-b13)
# Java VM: Java HotSpot(TM) 64-Bit Server VM (25.31-b07 mixed mode windows-amd64 compressed oops)
# Problematic frame:
# V  [jvm.dll+0x4e6b27]
#
# Failed to write core dump. Minidumps are not enabled by default on client versions of Windows
#
# If you would like to submit a bug report, please visit:
#   http://bugreport.java.com/bugreport/crash.jsp
#

---------------  T H R E A D  ---------------

Current thread (0x0000000056568000):  JavaThread "C2 CompilerThread1" daemon [_thread_in_native, id=1928, stack(0x0000000057fe0000,0x00000000580e0000)]

siginfo: ExceptionCode=0xc0000005, reading address 0xffffffffffffffff

Registers:
RAX=0x00000000000000c7, RBX=0x00000000580dd1d0, RCX=0x0000000058fe0200, RDX=0x0000000060bf7858
RSP=0x00000000580dbc30, RBP=0x0000000000000a6a, RSI=0x0000000000000003, RDI=0x0080000059b171f0
R8 =0x0000000058fe0250, R9 =0x0000000058fe02f8, R10=0x0000000000003fff, R11=0x0000000058b9ce90
R12=0x0000000000000000, R13=0x0000000058fe0200, R14=0x0000000000000a6b, R15=0x00000000000000c7
RIP=0x0000000060a96b27, EFLAGS=0x0000000000010202

Top of Stack: (sp=0x00000000580dbc30)
0x00000000580dbc30:   00000000580dd1d0 0000000060a7f918
0x00000000580dbc40:   00000000800096f4 00000000609edb1a
0x00000000580dbc50:   0000000058fe0268 0000000058fe02f8
0x00000000580dbc60:   0000000058fe02f8 0000000000000601
0x00000000580dbc70:   0000000058fe0200 0000000060a98a1b
0x00000000580dbc80:   0000000000000001 00000000580dd1d0
0x00000000580dbc90:   0000000058fe0200 0000000058fe0310
0x00000000580dbca0:   0000000000000000 00000000000006f6
0x00000000580dbcb0:   00000000566afbc0 0000000000000000
0x00000000580dbcc0:   0000000058fe0268 00000000000006f5
0x00000000580dbcd0:   0000000058fe0200 0000000060a98ec2
0x00000000580dbce0:   00000000580dc850 00000000580dd1d0
0x00000000580dbcf0:   0000000058fe02f8 00000000580dc850
0x00000000580dbd00:   00000000000006f6 00000000580de930
0x00000000580dbd10:   0000000058fe0268 0000000060a9881d
0x00000000580dbd20:   00000000000006f5 00000000566afbc0 

Instructions: (pc=0x0000000060a96b27)
0x0000000060a96b07:   89 64 24 30 45 33 e4 48 3b 7b 20 49 8b cd 44 0f
0x0000000060a96b17:   44 e5 4c 89 7c 24 20 ff 10 41 8b 75 18 44 8b f8
0x0000000060a96b27:   39 77 18 75 48 48 8b 17 48 8b cf ff 12 41 3b c7
0x0000000060a96b37:   75 3b 33 d2 85 f6 74 24 49 8b 4d 08 4c 8b 47 08 


Register to memory mapping:

RAX=0x00000000000000c7 is an unknown value
RBX=0x00000000580dd1d0 is pointing into the stack for thread: 0x0000000056568000
RCX=0x0000000058fe0200 is an unknown value
RDX=0x0000000060bf7858 is an unknown value
RSP=0x00000000580dbc30 is pointing into the stack for thread: 0x0000000056568000
RBP=0x0000000000000a6a is an unknown value
RSI=0x0000000000000003 is an unknown value
RDI=0x0080000059b171f0 is an unknown value
R8 =0x0000000058fe0250 is an unknown value
R9 =0x0000000058fe02f8 is an unknown value
R10=0x0000000000003fff is an unknown value
R11=0x0000000058b9ce90 is an unknown value
R12=0x0000000000000000 is an unknown value
R13=0x0000000058fe0200 is an unknown value
R14=0x0000000000000a6b is an unknown value
R15=0x00000000000000c7 is an unknown value


Stack: [0x0000000057fe0000,0x00000000580e0000],  sp=0x00000000580dbc30,  free space=1007k
Native frames: (J=compiled Java code, j=interpreted, Vv=VM code, C=native code)
V  [jvm.dll+0x4e6b27]
V  [jvm.dll+0x4e8a1b]
V  [jvm.dll+0x4e8ec2]
V  [jvm.dll+0x4e881d]
V  [jvm.dll+0x452bad]
V  [jvm.dll+0x454124]
V  [jvm.dll+0x437c62]
V  [jvm.dll+0x988e2]
V  [jvm.dll+0x990d3]
V  [jvm.dll+0x22c194]
V  [jvm.dll+0x28576a]
C  [msvcr100.dll+0x21d9f]
C  [msvcr100.dll+0x21e3b]
C  [kernel32.dll+0x159cd]
C  [ntdll.dll+0x2b981]


Current CompileTask:
C2:  21607 2268       4       com.android.dx.dex.file.CodeItem::addContents (174 bytes)


---------------  P R O C E S S  ---------------

Java Threads: ( => current thread )
  0x00000000565f9000 JavaThread "Service Thread" daemon [_thread_blocked, id=3504, stack(0x00000000583d0000,0x00000000584d0000)]
  0x0000000056586000 JavaThread "C1 CompilerThread3" daemon [_thread_in_native, id=7548, stack(0x00000000581e0000,0x00000000582e0000)]
  0x000000005656d000 JavaThread "C2 CompilerThread2" daemon [_thread_in_native, id=7228, stack(0x00000000580e0000,0x00000000581e0000)]
=>0x0000000056568000 JavaThread "C2 CompilerThread1" daemon [_thread_in_native, id=1928, stack(0x0000000057fe0000,0x00000000580e0000)]
  0x000000005655c000 JavaThread "C2 CompilerThread0" daemon [_thread_in_native, id=3312, stack(0x0000000057e60000,0x0000000057f60000)]
  0x000000005655a800 JavaThread "Attach Listener" daemon [_thread_blocked, id=1496, stack(0x0000000057c60000,0x0000000057d60000)]
  0x0000000056550000 JavaThread "Signal Dispatcher" daemon [_thread_blocked, id=7652, stack(0x0000000057b30000,0x0000000057c30000)]
  0x00000000023dd800 JavaThread "Finalizer" daemon [_thread_blocked, id=4692, stack(0x0000000057940000,0x0000000057a40000)]
  0x0000000055594800 JavaThread "Reference Handler" daemon [_thread_blocked, id=7604, stack(0x00000000577b0000,0x00000000578b0000)]
  0x00000000004ce000 JavaThread "main" [_thread_in_Java, id=4428, stack(0x0000000002600000,0x0000000002700000)]

Other Threads:
  0x000000005558f000 VMThread [stack: 0x0000000057600000,0x0000000057700000] [id=5980]
  0x00000000565fa800 WatcherThread [stack: 0x0000000057500000,0x0000000057600000] [id=1208]

VM state:not at safepoint (normal execution)

VM Mutex/Monitor currently owned by a thread:  ([mutex/lock_event])
[0x00000000004cb4e0] CodeCache_lock - owner thread: 0x0000000000000000

Heap:
 PSYoungGen      total 138240K, used 52515K [0x00000000eab00000, 0x00000000fe500000, 0x0000000100000000)
  eden space 133120K, 35% used [0x00000000eab00000,0x00000000ed94be98,0x00000000f2d00000)
  from space 5120K, 99% used [0x00000000f2d00000,0x00000000f31fcdc0,0x00000000f3200000)
  to   space 27648K, 0% used [0x00000000fca00000,0x00000000fca00000,0x00000000fe500000)
 ParOldGen       total 87552K, used 47811K [0x00000000c0000000, 0x00000000c5580000, 0x00000000eab00000)
  object space 87552K, 54% used [0x00000000c0000000,0x00000000c2eb0cc8,0x00000000c5580000)
 Metaspace       used 6524K, capacity 7568K, committed 7936K, reserved 1056768K
  class space    used 600K, capacity 648K, committed 768K, reserved 1048576K

Card table byte_map: [0x0000000011ac0000,0x0000000011cd0000] byte_map_base: 0x00000000114c0000

Marking Bits: (ParMarkBitMap*) 0x0000000060d8d4f0
 Begin Bits: [0x00000000129b0000, 0x00000000139b0000)
 End Bits:   [0x00000000139b0000, 0x00000000149b0000)

Polling page: 0x0000000000240000

CodeCache: size=245760Kb used=12055Kb max_used=12055Kb free=233704Kb
 bounds [0x0000000002700000, 0x00000000032e0000, 0x0000000011700000]
 total_blobs=2896 nmethods=2633 adapters=177
 compilation: enabled

Compilation events (10 events):
Event: 21.562 Thread 0x000000005656d000 2417       4       com.android.dx.rop.code.RegisterSpec::matchesVariable (68 bytes)
Event: 21.562 Thread 0x0000000056586000 2645       3       com.android.dx.dex.file.DebugInfoEncoder$1::<init> (10 bytes)
Event: 21.562 Thread 0x0000000056586000 nmethod 2645 0x0000000003299d50 code [0x0000000003299ea0, 0x000000000329a070]
Event: 21.562 Thread 0x0000000056586000 2647       3       com.android.dx.dex.file.DebugInfoEncoder::emitTypeIndex (45 bytes)
Event: 21.563 Thread 0x0000000056586000 nmethod 2647 0x000000000329f690 code [0x000000000329f880, 0x00000000032a0158]
Event: 21.563 Thread 0x0000000056586000 2649       3       com.android.dx.dex.file.TypeIdsSection::indexOf (23 bytes)
Event: 21.563 Thread 0x0000000056586000 nmethod 2649 0x000000000329f090 code [0x000000000329f200, 0x000000000329f578]
Event: 21.563 Thread 0x0000000056586000 2650       3       com.android.dx.dex.file.TypeIdsSection::indexOf (66 bytes)
Event: 21.564 Thread 0x0000000056586000 nmethod 2650 0x00000000032a0910 code [0x00000000032a0b80, 0x00000000032a1bb8]
Event: 21.564 Thread 0x0000000056586000 2651       3       com.android.dx.dex.file.DebugInfoEncoder::emitLocalStart (108 bytes)

GC Heap History (10 events):
Event: 3.794 GC heap before
{Heap before GC invocations=1 (full 0):
 PSYoungGen      total 38400K, used 33280K [0x00000000eab00000, 0x00000000ed580000, 0x0000000100000000)
  eden space 33280K, 100% used [0x00000000eab00000,0x00000000ecb80000,0x00000000ecb80000)
  from space 5120K, 0% used [0x00000000ed080000,0x00000000ed080000,0x00000000ed580000)
  to   space 5120K, 0% used [0x00000000ecb80000,0x00000000ecb80000,0x00000000ed080000)
 ParOldGen       total 87552K, used 0K [0x00000000c0000000, 0x00000000c5580000, 0x00000000eab00000)
  object space 87552K, 0% used [0x00000000c0000000,0x00000000c0000000,0x00000000c5580000)
 Metaspace       used 5725K, capacity 6960K, committed 7040K, reserved 1056768K
  class space    used 556K, capacity 616K, committed 640K, reserved 1048576K
Event: 10.663 GC heap after
Heap after GC invocations=1 (full 0):
 PSYoungGen      total 38400K, used 5113K [0x00000000eab00000, 0x00000000ef600000, 0x0000000100000000)
  eden space 33280K, 0% used [0x00000000eab00000,0x00000000eab00000,0x00000000ecb80000)
  from space 5120K, 99% used [0x00000000ecb80000,0x00000000ed07e510,0x00000000ed080000)
  to   space 5120K, 0% used [0x00000000ef100000,0x00000000ef100000,0x00000000ef600000)
 ParOldGen       total 87552K, used 1556K [0x00000000c0000000, 0x00000000c5580000, 0x00000000eab00000)
  object space 87552K, 1% used [0x00000000c0000000,0x00000000c01851e8,0x00000000c5580000)
 Metaspace       used 5725K, capacity 6960K, committed 7040K, reserved 1056768K
  class space    used 556K, capacity 616K, committed 640K, reserved 1048576K
}
Event: 13.270 GC heap before
{Heap before GC invocations=2 (full 0):
 PSYoungGen      total 38400K, used 38393K [0x00000000eab00000, 0x00000000ef600000, 0x0000000100000000)
  eden space 33280K, 100% used [0x00000000eab00000,0x00000000ecb80000,0x00000000ecb80000)
  from space 5120K, 99% used [0x00000000ecb80000,0x00000000ed07e510,0x00000000ed080000)
  to   space 5120K, 0% used [0x00000000ef100000,0x00000000ef100000,0x00000000ef600000)
 ParOldGen       total 87552K, used 1556K [0x00000000c0000000, 0x00000000c5580000, 0x00000000eab00000)
  object space 87552K, 1% used [0x00000000c0000000,0x00000000c01851e8,0x00000000c5580000)
 Metaspace       used 5942K, capacity 7024K, committed 7296K, reserved 1056768K
  class space    used 577K, capacity 616K, committed 640K, reserved 1048576K
Event: 13.593 GC heap after
Heap after GC invocations=2 (full 0):
 PSYoungGen      total 71680K, used 5110K [0x00000000eab00000, 0x00000000ef600000, 0x0000000100000000)
  eden space 66560K, 0% used [0x00000000eab00000,0x00000000eab00000,0x00000000eec00000)
  from space 5120K, 99% used [0x00000000ef100000,0x00000000ef5fd960,0x00000000ef600000)
  to   space 5120K, 0% used [0x00000000eec00000,0x00000000eec00000,0x00000000ef100000)
 ParOldGen       total 87552K, used 5782K [0x00000000c0000000, 0x00000000c5580000, 0x00000000eab00000)
  object space 87552K, 6% used [0x00000000c0000000,0x00000000c05a5bb8,0x00000000c5580000)
 Metaspace       used 5942K, capacity 7024K, committed 7296K, reserved 1056768K
  class space    used 577K, capacity 616K, committed 640K, reserved 1048576K
}
Event: 18.172 GC heap before
{Heap before GC invocations=3 (full 0):
 PSYoungGen      total 71680K, used 71670K [0x00000000eab00000, 0x00000000ef600000, 0x0000000100000000)
  eden space 66560K, 100% used [0x00000000eab00000,0x00000000eec00000,0x00000000eec00000)
  from space 5120K, 99% used [0x00000000ef100000,0x00000000ef5fd960,0x00000000ef600000)
  to   space 5120K, 0% used [0x00000000eec00000,0x00000000eec00000,0x00000000ef100000)
 ParOldGen       total 87552K, used 5782K [0x00000000c0000000, 0x00000000c5580000, 0x00000000eab00000)
  object space 87552K, 6% used [0x00000000c0000000,0x00000000c05a5bb8,0x00000000c5580000)
 Metaspace       used 6021K, capacity 7088K, committed 7296K, reserved 1056768K
  class space    used 579K, capacity 616K, committed 640K, reserved 1048576K
Event: 18.648 GC heap after
Heap after GC invocations=3 (full 0):
 PSYoungGen      total 71680K, used 5116K [0x00000000eab00000, 0x00000000f3700000, 0x0000000100000000)
  eden space 66560K, 0% used [0x00000000eab00000,0x00000000eab00000,0x00000000eec00000)
  from space 5120K, 99% used [0x00000000eec00000,0x00000000ef0ff268,0x00000000ef100000)
  to   space 5120K, 0% used [0x00000000f3200000,0x00000000f3200000,0x00000000f3700000)
 ParOldGen       total 87552K, used 16547K [0x00000000c0000000, 0x00000000c5580000, 0x00000000eab00000)
  object space 87552K, 18% used [0x00000000c0000000,0x00000000c1028db8,0x00000000c5580000)
 Metaspace       used 6021K, capacity 7088K, committed 7296K, reserved 1056768K
  class space    used 579K, capacity 616K, committed 640K, reserved 1048576K
}
Event: 19.239 GC heap before
{Heap before GC invocations=4 (full 0):
 PSYoungGen      total 71680K, used 71676K [0x00000000eab00000, 0x00000000f3700000, 0x0000000100000000)
  eden space 66560K, 100% used [0x00000000eab00000,0x00000000eec00000,0x00000000eec00000)
  from space 5120K, 99% used [0x00000000eec00000,0x00000000ef0ff268,0x00000000ef100000)
  to   space 5120K, 0% used [0x00000000f3200000,0x00000000f3200000,0x00000000f3700000)
 ParOldGen       total 87552K, used 16547K [0x00000000c0000000, 0x00000000c5580000, 0x00000000eab00000)
  object space 87552K, 18% used [0x00000000c0000000,0x00000000c1028db8,0x00000000c5580000)
 Metaspace       used 6052K, capacity 7152K, committed 7296K, reserved 1056768K
  class space    used 580K, capacity 616K, committed 640K, reserved 1048576K
Event: 19.604 GC heap after
Heap after GC invocations=4 (full 0):
 PSYoungGen      total 138240K, used 5090K [0x00000000eab00000, 0x00000000f3700000, 0x0000000100000000)
  eden space 133120K, 0% used [0x00000000eab00000,0x00000000eab00000,0x00000000f2d00000)
  from space 5120K, 99% used [0x00000000f3200000,0x00000000f36f8af8,0x00000000f3700000)
  to   space 5120K, 0% used [0x00000000f2d00000,0x00000000f2d00000,0x00000000f3200000)
 ParOldGen       total 87552K, used 27336K [0x00000000c0000000, 0x00000000c5580000, 0x00000000eab00000)
  object space 87552K, 31% used [0x00000000c0000000,0x00000000c1ab2360,0x00000000c5580000)
 Metaspace       used 6052K, capacity 7152K, committed 7296K, reserved 1056768K
  class space    used 580K, capacity 616K, committed 640K, reserved 1048576K
}
Event: 20.828 GC heap before
{Heap before GC invocations=5 (full 0):
 PSYoungGen      total 138240K, used 138210K [0x00000000eab00000, 0x00000000f3700000, 0x0000000100000000)
  eden space 133120K, 100% used [0x00000000eab00000,0x00000000f2d00000,0x00000000f2d00000)
  from space 5120K, 99% used [0x00000000f3200000,0x00000000f36f8af8,0x00000000f3700000)
  to   space 5120K, 0% used [0x00000000f2d00000,0x00000000f2d00000,0x00000000f3200000)
 ParOldGen       total 87552K, used 27336K [0x00000000c0000000, 0x00000000c5580000, 0x00000000eab00000)
  object space 87552K, 31% used [0x00000000c0000000,0x00000000c1ab2360,0x00000000c5580000)
 Metaspace       used 6100K, capacity 7152K, committed 7296K, reserved 1056768K
  class space    used 580K, capacity 616K, committed 640K, reserved 1048576K
Event: 20.888 GC heap after
Heap after GC invocations=5 (full 0):
 PSYoungGen      total 138240K, used 5107K [0x00000000eab00000, 0x00000000fe500000, 0x0000000100000000)
  eden space 133120K, 0% used [0x00000000eab00000,0x00000000eab00000,0x00000000f2d00000)
  from space 5120K, 99% used [0x00000000f2d00000,0x00000000f31fcdc0,0x00000000f3200000)
  to   space 27648K, 0% used [0x00000000fca00000,0x00000000fca00000,0x00000000fe500000)
 ParOldGen       total 87552K, used 47811K [0x00000000c0000000, 0x00000000c5580000, 0x00000000eab00000)
  object space 87552K, 54% used [0x00000000c0000000,0x00000000c2eb0cc8,0x00000000c5580000)
 Metaspace       used 6100K, capacity 7152K, committed 7296K, reserved 1056768K
  class space    used 580K, capacity 616K, committed 640K, reserved 1048576K
}

Deoptimization events (10 events):
Event: 20.797 Thread 0x00000000004ce000 Uncommon trap: reason=class_check action=maybe_recompile pc=0x0000000002e007f0 method=com.android.dx.ssa.back.FirstFitLocalCombiningAllocator.findNextUnreservedRopReg(IILcom/android/dx/ssa/back/FirstFitLocalCombiningAllocator$Alignment;)I @ 60
Event: 20.797 Thread 0x00000000004ce000 Uncommon trap: reason=class_check action=maybe_recompile pc=0x0000000002f66c38 method=com.android.dx.ssa.back.FirstFitLocalCombiningAllocator.findNextUnreservedRopReg(IILcom/android/dx/ssa/back/FirstFitLocalCombiningAllocator$Alignment;)I @ 60
Event: 20.797 Thread 0x00000000004ce000 Uncommon trap: reason=class_check action=maybe_recompile pc=0x0000000002e007f0 method=com.android.dx.ssa.back.FirstFitLocalCombiningAllocator.findNextUnreservedRopReg(IILcom/android/dx/ssa/back/FirstFitLocalCombiningAllocator$Alignment;)I @ 60
Event: 20.798 Thread 0x00000000004ce000 Uncommon trap: reason=bimorphic action=maybe_recompile pc=0x0000000002e84a04 method=com.android.dx.ssa.LiteralOpUpgrader.tryReplacingWithConstant(Lcom/android/dx/ssa/NormalSsaInsn;)Z @ 62
Event: 20.980 Thread 0x00000000004ce000 Uncommon trap: reason=bimorphic action=maybe_recompile pc=0x0000000003110808 method=com.android.dx.cf.code.BytecodeArray.parseInstruction(ILcom/android/dx/cf/code/BytecodeArray$Visitor;)I @ 1161
Event: 20.980 Thread 0x00000000004ce000 Uncommon trap: reason=bimorphic action=maybe_recompile pc=0x0000000003110808 method=com.android.dx.cf.code.BytecodeArray.parseInstruction(ILcom/android/dx/cf/code/BytecodeArray$Visitor;)I @ 1161
Event: 20.983 Thread 0x00000000004ce000 Uncommon trap: reason=class_check action=maybe_recompile pc=0x0000000002b61a90 method=java.util.Arrays.hashCode([Ljava/lang/Object;)I @ 43
Event: 20.983 Thread 0x00000000004ce000 Uncommon trap: reason=class_check action=maybe_recompile pc=0x0000000002b61a90 method=java.util.Arrays.hashCode([Ljava/lang/Object;)I @ 43
Event: 20.983 Thread 0x00000000004ce000 Uncommon trap: reason=class_check action=maybe_recompile pc=0x0000000002b61a90 method=java.util.Arrays.hashCode([Ljava/lang/Object;)I @ 43
Event: 20.983 Thread 0x00000000004ce000 Uncommon trap: reason=class_check action=maybe_recompile pc=0x0000000002b61a90 method=java.util.Arrays.hashCode([Ljava/lang/Object;)I @ 43

Internal exceptions (10 events):
Event: 21.230 Thread 0x00000000004ce000 Exception <a 'java/security/PrivilegedActionException'> (0x00000000ec68eac0) thrown at [C:\workspace\8-2-build-windows-amd64-cygwin\jdk8u31\2394\hotspot\src\share\vm\prims\jvm.cpp, line 1312]
Event: 21.231 Thread 0x00000000004ce000 Exception <a 'java/security/PrivilegedActionException'> (0x00000000ec6939a8) thrown at [C:\workspace\8-2-build-windows-amd64-cygwin\jdk8u31\2394\hotspot\src\share\vm\prims\jvm.cpp, line 1312]
Event: 21.231 Thread 0x00000000004ce000 Exception <a 'java/security/PrivilegedActionException'> (0x00000000ec698138) thrown at [C:\workspace\8-2-build-windows-amd64-cygwin\jdk8u31\2394\hotspot\src\share\vm\prims\jvm.cpp, line 1312]
Event: 21.244 Thread 0x00000000004ce000 Exception <a 'java/security/PrivilegedActionException'> (0x00000000ec6b5458) thrown at [C:\workspace\8-2-build-windows-amd64-cygwin\jdk8u31\2394\hotspot\src\share\vm\prims\jvm.cpp, line 1312]
Event: 21.244 Thread 0x00000000004ce000 Exception <a 'java/security/PrivilegedActionException'> (0x00000000ec6b8588) thrown at [C:\workspace\8-2-build-windows-amd64-cygwin\jdk8u31\2394\hotspot\src\share\vm\prims\jvm.cpp, line 1312]
Event: 21.245 Thread 0x00000000004ce000 Exception <a 'java/security/PrivilegedActionException'> (0x00000000ec6bbb40) thrown at [C:\workspace\8-2-build-windows-amd64-cygwin\jdk8u31\2394\hotspot\src\share\vm\prims\jvm.cpp, line 1312]
Event: 21.255 Thread 0x00000000004ce000 Exception <a 'java/security/PrivilegedActionException'> (0x00000000ec6dc788) thrown at [C:\workspace\8-2-build-windows-amd64-cygwin\jdk8u31\2394\hotspot\src\share\vm\prims\jvm.cpp, line 1312]
Event: 21.537 Thread 0x00000000004ce000 Exception <a 'java/security/PrivilegedActionException'> (0x00000000ed0d3300) thrown at [C:\workspace\8-2-build-windows-amd64-cygwin\jdk8u31\2394\hotspot\src\share\vm\prims\jvm.cpp, line 1312]
Event: 21.539 Thread 0x00000000004ce000 Exception <a 'java/security/PrivilegedActionException'> (0x00000000ed0df0d0) thrown at [C:\workspace\8-2-build-windows-amd64-cygwin\jdk8u31\2394\hotspot\src\share\vm\prims\jvm.cpp, line 1312]
Event: 21.539 Thread 0x00000000004ce000 Exception <a 'java/security/PrivilegedActionException'> (0x00000000ed0e1df8) thrown at [C:\workspace\8-2-build-windows-amd64-cygwin\jdk8u31\2394\hotspot\src\share\vm\prims\jvm.cpp, line 1312]

Events (10 events):
Event: 21.497 Thread 0x00000000004ce000 DEOPT PACKING pc=0x00000000031dd186 sp=0x00000000026ff090
Event: 21.497 Thread 0x00000000004ce000 DEOPT UNPACKING pc=0x00000000027475bf sp=0x00000000026fee58 mode 0
Event: 21.537 Executing VM operation: ForceSafepoint
Event: 21.537 Executing VM operation: ForceSafepoint done
Event: 21.537 loading class com/android/dx/dex/file/DebugInfoEncoder
Event: 21.537 loading class com/android/dx/dex/file/DebugInfoEncoder done
Event: 21.539 loading class com/android/dx/dex/file/DebugInfoEncoder$1
Event: 21.539 loading class com/android/dx/dex/file/DebugInfoEncoder$1 done
Event: 21.539 loading class com/android/dx/dex/file/DebugInfoEncoder$2
Event: 21.539 loading class com/android/dx/dex/file/DebugInfoEncoder$2 done


Dynamic libraries:
0x000000013f570000 - 0x000000013f5a4000 	D:\Program Files\Java\jdk1.8.0_31\bin\java.exe
0x0000000077380000 - 0x0000000077529000 	C:\Windows\SYSTEM32\ntdll.dll
0x0000000077260000 - 0x000000007737f000 	C:\Windows\system32\kernel32.dll
0x000007fefd160000 - 0x000007fefd1cc000 	C:\Windows\system32\KERNELBASE.dll
0x000007fefd750000 - 0x000007fefd82b000 	C:\Windows\system32\ADVAPI32.dll
0x000007feff5f0000 - 0x000007feff68f000 	C:\Windows\system32\msvcrt.dll
0x000007fefe050000 - 0x000007fefe06f000 	C:\Windows\SYSTEM32\sechost.dll
0x000007fefeff0000 - 0x000007feff11d000 	C:\Windows\system32\RPCRT4.dll
0x0000000077160000 - 0x000000007725a000 	C:\Windows\system32\USER32.dll
0x000007fefe070000 - 0x000007fefe0d7000 	C:\Windows\system32\GDI32.dll
0x000007fefdf90000 - 0x000007fefdf9e000 	C:\Windows\system32\LPK.dll
0x000007fefeea0000 - 0x000007fefef69000 	C:\Windows\system32\USP10.dll
0x000007fefbb80000 - 0x000007fefbd74000 	C:\Windows\WinSxS\amd64_microsoft.windows.common-controls_6595b64144ccf1df_6.0.7601.18807_none_fa381d5f175bfb52\COMCTL32.dll
0x000007fefda40000 - 0x000007fefdab1000 	C:\Windows\system32\SHLWAPI.dll
0x000007fefee70000 - 0x000007fefee9e000 	C:\Windows\system32\IMM32.DLL
0x000007feff4e0000 - 0x000007feff5e9000 	C:\Windows\system32\MSCTF.dll
0x0000000066640000 - 0x0000000066712000 	D:\Program Files\Java\jdk1.8.0_31\jre\bin\msvcr100.dll
0x00000000605b0000 - 0x0000000060e0a000 	D:\Program Files\Java\jdk1.8.0_31\jre\bin\server\jvm.dll
0x000007fef4720000 - 0x000007fef4729000 	C:\Windows\system32\WSOCK32.dll
0x000007fefe000000 - 0x000007fefe04d000 	C:\Windows\system32\WS2_32.dll
0x000007feff200000 - 0x000007feff208000 	C:\Windows\system32\NSI.dll
0x000007fefa010000 - 0x000007fefa04b000 	C:\Windows\system32\WINMM.dll
0x0000000077550000 - 0x0000000077557000 	C:\Windows\system32\PSAPI.DLL
0x0000000071b20000 - 0x0000000071b2f000 	D:\Program Files\Java\jdk1.8.0_31\jre\bin\verify.dll
0x0000000070680000 - 0x00000000706a8000 	D:\Program Files\Java\jdk1.8.0_31\jre\bin\java.dll
0x0000000070530000 - 0x0000000070546000 	D:\Program Files\Java\jdk1.8.0_31\jre\bin\zip.dll
0x000007fefe0e0000 - 0x000007fefee69000 	C:\Windows\system32\SHELL32.dll
0x000007fefd830000 - 0x000007fefda33000 	C:\Windows\system32\ole32.dll
0x000007fefd150000 - 0x000007fefd15f000 	C:\Windows\system32\profapi.dll
0x000007fef7aa0000 - 0x000007fef7bc5000 	C:\Windows\system32\dbghelp.dll

VM Arguments:
jvm_args: -Xmx1024M -Dfile.encoding=x-windows-950 -Duser.country=TW -Duser.language=zh -Duser.variant 
java_command: com.android.dx.command.Main --dex --output E:\MySecretary_0530\MySecretary2\app\build\intermediates\pre-dexed\debug\classes-c219e4c457b05de401898becad25c4a16ee1df31.jar E:\MySecretary_0530\MySecretary2\app\build\intermediates\exploded-aar\com.android.support\support-v4\21.0.3\classes.jar
java_class_path (initial): D:\Users\User\AppData\Local\Android\sdk\build-tools\21.1.2\lib\dx.jar
Launcher Type: SUN_STANDARD

Environment Variables:
JAVA_HOME=D:\Program Files\Java\jdk1.8.0_31
CLASSPATH=.;C:\Program Files (x86)\QuickTime\QTSystem\QTJava.zip
PATH=C:\ProgramData\Oracle\Java\javapath;C:\Windows\system32;C:\Windows;C:\Windows\System32\Wbem;C:\Windows\System32\WindowsPowerShell\v1.0\;C:\Program Files\Intel\DMIX;C:\Program Files (x86)\NVIDIA Corporation\PhysX\Common;C:\Program Files (x86)\QuickTime\QTSystem\
USERNAME=User
OS=Windows_NT
PROCESSOR_IDENTIFIER=Intel64 Family 6 Model 42 Stepping 7, GenuineIntel



---------------  S Y S T E M  ---------------

OS: Windows 7 , 64 bit Build 7601 Service Pack 1

CPU:total 8 (4 cores per cpu, 2 threads per core) family 6 model 42 stepping 7, cmov, cx8, fxsr, mmx, sse, sse2, sse3, ssse3, sse4.1, sse4.2, popcnt, avx, aes, clmul, ht, tsc, tscinvbit

Memory: 4k page, physical 8344796k(2629528k free), swap 16687756k(9695604k free)

vm_info: Java HotSpot(TM) 64-Bit Server VM (25.31-b07) for windows-amd64 JRE (1.8.0_31-b13), built on Dec 17 2014 21:00:28 by "java_re" with MS VC++ 10.0 (VS2010)

time: Sat May 30 18:14:36 2015
elapsed time: 21 seconds (0d 0h 0m 21s)

